{"ts":1717416968893,"action":"PROJECT_OPENED","tags":{"PROJECT_NAME":"plane-system"}}
{"ts":1717416969771,"action":"FILE_OPENED","file":"/pom.xml","tags":{"FILE_LINE_OF_CODE":"17"}}
{"ts":1717416969840,"action":"FILE_CLOSED","file":"/pom.xml","tags":{"FILE_LINE_OF_CODE":"17"}}
{"ts":1717416969840,"action":"FILE_OPENED","file":"/src/main/java/org/example/Main.java","tags":{"FILE_LINE_OF_CODE":"7"}}
{"ts":1717416980344,"action":"IDE_DEACTIVATED"}
{"ts":1717417005125,"action":"IDE_ACTIVATED"}
{"ts":1717417029796,"action":"IDE_DEACTIVATED"}
{"ts":1717417033815,"action":"IDE_ACTIVATED"}
{"ts":1717417045704,"action":"IDE_DEACTIVATED"}
{"ts":1717417046650,"action":"IDE_ACTIVATED"}
{"ts":1717417046856,"action":"IDE_DEACTIVATED"}
{"ts":1717417051333,"action":"IDE_ACTIVATED"}
{"ts":1717417053207,"action":"IDE_DEACTIVATED"}
{"ts":1717417055221,"action":"IDE_ACTIVATED"}
{"ts":1717417087869,"action":"FILE_CLOSED","file":"/src/main/java/org/example/Main.java","tags":{"FILE_LINE_OF_CODE":"7"}}
{"ts":1717417087869,"action":"FILE_OPENED","file":"/src/app/main.java","tags":{"FILE_LINE_OF_CODE":"0"}}
{"ts":1717417096750,"action":"IDE_DEACTIVATED"}
{"ts":1717417103639,"action":"IDE_ACTIVATED"}
{"ts":1717417103787,"action":"IDE_DEACTIVATED"}
{"ts":1717417106135,"action":"IDE_ACTIVATED"}
{"ts":1717417108656,"action":"IDE_DEACTIVATED"}
{"ts":1717417246016,"action":"IDE_ACTIVATED"}
{"ts":1717417247465,"action":"IDE_DEACTIVATED"}
{"ts":1717417254534,"action":"IDE_ACTIVATED"}
{"ts":1717417256933,"action":"IDE_DEACTIVATED"}
{"ts":1717417258185,"action":"IDE_ACTIVATED"}
{"ts":1717417258397,"action":"IDE_DEACTIVATED"}
{"ts":1717417290133,"action":"IDE_ACTIVATED"}
{"ts":1717417292028,"action":"IDE_DEACTIVATED"}
{"ts":1717417293457,"action":"IDE_ACTIVATED"}
{"ts":1717417294422,"action":"FILE_CLOSED","file":"/src/app/main.java","tags":{"FILE_LINE_OF_CODE":"0"}}
{"ts":1717417294422,"action":"FILE_OPENED","file":"/pom.xml","tags":{"FILE_LINE_OF_CODE":"17"}}
{"ts":1717417295719,"action":"IDE_DEACTIVATED"}
{"ts":1717417296685,"action":"IDE_ACTIVATED"}
{"ts":1717417298055,"action":"IDE_DEACTIVATED"}
{"ts":1717417299031,"action":"IDE_ACTIVATED"}
{"ts":1717417299731,"action":"IDE_DEACTIVATED"}
{"ts":1717417300385,"action":"IDE_ACTIVATED"}
{"ts":1717417315044,"action":"FILE_CLOSED","file":"/pom.xml","tags":{"FILE_LINE_OF_CODE":"17"}}
{"ts":1717417315044,"action":"FILE_OPENED","file":"/src/app/main.java","tags":{"FILE_LINE_OF_CODE":"0"}}
{"ts":1717417316948,"action":"IDE_DEACTIVATED"}
{"ts":1717417343170,"action":"IDE_ACTIVATED"}
{"ts":1717417351163,"action":"IDE_DEACTIVATED"}
{"ts":1717417354514,"action":"IDE_ACTIVATED"}
{"ts":1717417362183,"action":"IDE_DEACTIVATED"}
{"ts":1717417363509,"action":"IDE_ACTIVATED"}
{"ts":1717417363790,"action":"IDE_DEACTIVATED"}
{"ts":1717417366012,"action":"IDE_ACTIVATED"}
{"ts":1717417368039,"action":"IDE_DEACTIVATED"}
{"ts":1717417370987,"action":"IDE_ACTIVATED"}
{"ts":1717417375670,"action":"IDE_DEACTIVATED"}
{"ts":1717417397668,"action":"IDE_ACTIVATED"}
{"ts":1717417398740,"action":"IDE_DEACTIVATED"}
{"ts":1717417450822,"action":"IDE_ACTIVATED"}
{"ts":1717417454436,"action":"IDE_DEACTIVATED"}
{"ts":1717417521628,"action":"IDE_ACTIVATED"}
{"ts":1717417528378,"action":"IDE_DEACTIVATED"}
{"ts":1717417550260,"action":"IDE_ACTIVATED"}
{"ts":1717417565889,"action":"IDE_DEACTIVATED"}
{"ts":1717417630605,"action":"IDE_ACTIVATED"}
{"ts":1717417634679,"action":"FILE_CLOSED","file":"/src/app/main.java","tags":{"FILE_LINE_OF_CODE":"0"}}
{"ts":1717417634679,"action":"FILE_OPENED","file":"/src/core/ui/LoginJpanel2.java","tags":{"FILE_LINE_OF_CODE":"26"}}
{"ts":1717417658011,"action":"FILE_CLOSED","file":"/src/core/ui/LoginJpanel.java","tags":{"FILE_LINE_OF_CODE":"26"}}
{"ts":1717417658014,"action":"FILE_OPENED","file":"/src/app/main.java","tags":{"FILE_LINE_OF_CODE":"0"}}
{"ts":1717417658786,"action":"FILE_CLOSED","file":"/src/app/main.java","tags":{"FILE_LINE_OF_CODE":"0"}}
{"ts":1717417660014,"action":"FILE_OPENED","file":"/src/core/ui/LoginJpanel.form","tags":{"FILE_LINE_OF_CODE":"null"}}
{"ts":1717417667930,"action":"FILE_CLOSED","file":"/src/core/ui/LoginJpanel.form","tags":{"FILE_LINE_OF_CODE":"null"}}
{"ts":1717417667930,"action":"FILE_OPENED","file":"/src/core/ui/LoginJpanel.java","tags":{"FILE_LINE_OF_CODE":"26"}}
{"ts":1717417676567,"action":"IDE_DEACTIVATED"}
{"ts":1717417680152,"action":"IDE_ACTIVATED"}
{"ts":1717417681454,"action":"IDE_DEACTIVATED"}
{"ts":1717417683019,"action":"IDE_ACTIVATED"}
{"ts":1717417686825,"action":"IDE_DEACTIVATED"}
{"ts":1717417690777,"action":"IDE_ACTIVATED"}
{"ts":1717417691196,"action":"IDE_DEACTIVATED"}
{"ts":1717417697999,"action":"IDE_ACTIVATED"}
{"ts":1717417718840,"action":"FILE_OPENED","file":"/src/core/ui/LoginJpanel2.form","tags":{"FILE_LINE_OF_CODE":"null"}}
{"ts":1717417742083,"action":"FILE_CLOSED","file":"/src/core/ui/LoginJpanel.form","tags":{"FILE_LINE_OF_CODE":"null"}}
{"ts":1717417742083,"action":"FILE_OPENED","file":"/src/core/ui/LoginJpanel.java","tags":{"FILE_LINE_OF_CODE":"26"}}
{"ts":1717417742819,"action":"FILE_CLOSED","file":"/src/core/ui/LoginJpanel.java","tags":{"FILE_LINE_OF_CODE":"26"}}
{"ts":1717417742819,"action":"FILE_OPENED","file":"/src/core/ui/LoginJpanel.form","tags":{"FILE_LINE_OF_CODE":"null"}}
{"ts":1717417795432,"action":"FILE_CLOSED","file":"/src/core/ui/LoginJpanel.form","tags":{"FILE_LINE_OF_CODE":"null"}}
{"ts":1717417795432,"action":"FILE_OPENED","file":"/src/core/ui/RegisterJpanel2.form","tags":{"FILE_LINE_OF_CODE":"null"}}
{"ts":1717417817016,"action":"FILE_CLOSED","file":"/src/core/ui/RegisterJpanel2.form","tags":{"FILE_LINE_OF_CODE":"null"}}
{"ts":1717417817016,"action":"FILE_OPENED","file":"/src/core/ui/LoginJpanel.form","tags":{"FILE_LINE_OF_CODE":"null"}}
{"ts":1717417819924,"action":"FILE_CLOSED","file":"/src/core/ui/LoginJpanel.form","tags":{"FILE_LINE_OF_CODE":"null"}}
{"ts":1717417819935,"action":"FILE_OPENED","file":"/src/core/ui/LoginJpanel.java","tags":{"FILE_LINE_OF_CODE":"26"}}
{"ts":1717417821054,"action":"FILE_CLOSED","file":"/src/core/ui/LoginJpanel.java","tags":{"FILE_LINE_OF_CODE":"26"}}
{"ts":1717417823797,"action":"FILE_OPENED","file":"/src/core/ui/LoginJpanel.java","tags":{"FILE_LINE_OF_CODE":"26"}}
{"ts":1717417838504,"action":"FILE_CLOSED","file":"/src/core/ui/LoginJpanel.java","tags":{"FILE_LINE_OF_CODE":"26"}}
{"ts":1717417838504,"action":"FILE_OPENED","file":"/src/core/ui/LoginJpanel.form","tags":{"FILE_LINE_OF_CODE":"null"}}
{"ts":1717417841101,"action":"FILE_CLOSED","file":"/src/core/ui/LoginJpanel.form","tags":{"FILE_LINE_OF_CODE":"null"}}
{"ts":1717417841101,"action":"FILE_OPENED","file":"/src/core/ui/RegisterJpanel2.form","tags":{"FILE_LINE_OF_CODE":"null"}}
{"ts":1717417841669,"action":"FILE_CLOSED","file":"/src/core/ui/RegisterJpanel2.form","tags":{"FILE_LINE_OF_CODE":"null"}}
{"ts":1717417841669,"action":"FILE_OPENED","file":"/src/core/ui/RegisterJpanel2.java","tags":{"FILE_LINE_OF_CODE":"28"}}
{"ts":1717417852183,"action":"FILE_CLOSED","file":"/src/core/ui/RegisterJpanel2.java","tags":{"FILE_LINE_OF_CODE":"28"}}
{"ts":1717417852201,"action":"FILE_OPENED","file":"/src/core/ui/RegisterJpanel2.form","tags":{"FILE_LINE_OF_CODE":"null"}}
{"ts":1717417866594,"action":"FILE_CLOSED","file":"/src/core/ui/RegisterJpanel2.form","tags":{"FILE_LINE_OF_CODE":"null"}}
{"ts":1717417866605,"action":"FILE_OPENED","file":"/src/core/ui/LoginJpanel.form","tags":{"FILE_LINE_OF_CODE":"null"}}
{"ts":1717417867483,"action":"FILE_CLOSED","file":"/src/core/ui/LoginJpanel.form","tags":{"FILE_LINE_OF_CODE":"null"}}
{"ts":1717417875848,"action":"FILE_OPENED","file":"/src/app/main.java","tags":{"FILE_LINE_OF_CODE":"0"}}
{"ts":1717417880147,"action":"FILE_CLOSED","file":"/src/app/main.java","tags":{"FILE_LINE_OF_CODE":"0"}}
{"ts":1717417880147,"action":"FILE_OPENED","file":"/src/core/ui/LoginJpanel.java","tags":{"FILE_LINE_OF_CODE":"26"}}
{"ts":1717417881332,"action":"FILE_CLOSED","file":"/src/core/ui/LoginJpanel.java","tags":{"FILE_LINE_OF_CODE":"26"}}
{"ts":1717417881332,"action":"FILE_OPENED","file":"/src/app/main.java","tags":{"FILE_LINE_OF_CODE":"0"}}
{"ts":1717417926820,"action":"FILE_CLOSED","file":"/src/app/main.java","tags":{"FILE_LINE_OF_CODE":"0"}}
{"ts":1717417926820,"action":"FILE_OPENED","file":"/src/core/ui/RegisterJpanel2.java","tags":{"FILE_LINE_OF_CODE":"28"}}
{"ts":1717417930333,"action":"FILE_CLOSED","file":"/src/core/ui/RegisterJpanel2.java","tags":{"FILE_LINE_OF_CODE":"28"}}
{"ts":1717417930336,"action":"FILE_OPENED","file":"/src/app/main.java","tags":{"FILE_LINE_OF_CODE":"0"}}
{"ts":1717417932997,"action":"FILE_CLOSED","file":"/src/app/main.java","tags":{"FILE_LINE_OF_CODE":"0"}}
{"ts":1717417932997,"action":"FILE_OPENED","file":"/src/core/ui/LoginJpanel.java","tags":{"FILE_LINE_OF_CODE":"26"}}
{"ts":1717417974696,"action":"IDE_DEACTIVATED"}
{"ts":1717417989145,"action":"IDE_ACTIVATED"}
{"ts":1717418041639,"action":"FILE_CLOSED","file":"/src/core/ui/LoginJpanel.java","tags":{"FILE_LINE_OF_CODE":"26"}}
{"ts":1717418041639,"action":"FILE_OPENED","file":"/src/core/ui/RegisterJpanel2.java","tags":{"FILE_LINE_OF_CODE":"28"}}
{"ts":1717418057148,"action":"FILE_CLOSED","file":"/src/core/ui/RegisterJpanel.java","tags":{"FILE_LINE_OF_CODE":"28"}}
{"ts":1717418057148,"action":"FILE_OPENED","file":"/src/core/ui/RegisterJpanel2.form","tags":{"FILE_LINE_OF_CODE":"null"}}
{"ts":1717418065476,"action":"FILE_CLOSED","file":"/src/core/ui/RegisterJpanel2.form","tags":{"FILE_LINE_OF_CODE":"null"}}
{"ts":1717418065476,"action":"FILE_OPENED","file":"/src/core/ui/LoginJpanel.form","tags":{"FILE_LINE_OF_CODE":"null"}}
{"ts":1717418071147,"action":"FILE_CLOSED","file":"/src/core/ui/LoginJpanel.form","tags":{"FILE_LINE_OF_CODE":"null"}}
{"ts":1717418075449,"action":"FILE_OPENED","file":"/src/app/main.java","tags":{"FILE_LINE_OF_CODE":"0"}}
{"ts":1717418078958,"action":"IDE_DEACTIVATED"}
{"ts":1717418079652,"action":"IDE_ACTIVATED"}
{"ts":1717418079917,"action":"IDE_DEACTIVATED"}
{"ts":1717418091443,"action":"IDE_ACTIVATED"}
{"ts":1717418111103,"action":"IDE_DEACTIVATED"}
{"ts":1717418112043,"action":"IDE_ACTIVATED"}
{"ts":1717418112254,"action":"IDE_DEACTIVATED"}
{"ts":1717418119689,"action":"IDE_ACTIVATED"}
{"ts":1717418120762,"action":"IDE_DEACTIVATED"}
{"ts":1717418175140,"action":"IDE_ACTIVATED"}
{"ts":1717418177981,"action":"IDE_DEACTIVATED"}
{"ts":1717418196704,"action":"IDE_ACTIVATED"}
{"ts":1717418218750,"action":"IDE_DEACTIVATED"}
{"ts":1717418222678,"action":"IDE_ACTIVATED"}
{"ts":1717418235842,"action":"IDE_DEACTIVATED"}
{"ts":1717418247569,"action":"IDE_ACTIVATED"}
{"ts":1717418251196,"action":"IDE_DEACTIVATED"}
{"ts":1717418324624,"action":"IDE_ACTIVATED"}
{"ts":1717418330614,"action":"IDE_DEACTIVATED"}
{"ts":1717418339590,"action":"IDE_ACTIVATED"}
{"ts":1717418340702,"action":"IDE_DEACTIVATED"}
{"ts":1717418354735,"action":"IDE_ACTIVATED"}
{"ts":1717418373562,"action":"IDE_DEACTIVATED"}
{"ts":1717418377228,"action":"IDE_ACTIVATED"}
{"ts":1717418397697,"action":"IDE_DEACTIVATED"}
{"ts":1717418403567,"action":"IDE_ACTIVATED"}
{"ts":1717418405896,"action":"IDE_DEACTIVATED"}
{"ts":1717418406540,"action":"IDE_ACTIVATED"}
{"ts":1717418406761,"action":"IDE_DEACTIVATED"}
{"ts":1717418427064,"action":"IDE_ACTIVATED"}
{"ts":1717418429281,"action":"IDE_DEACTIVATED"}
{"ts":1717418435595,"action":"IDE_ACTIVATED"}
{"ts":1717418436019,"action":"IDE_DEACTIVATED"}
{"ts":1717418456612,"action":"IDE_ACTIVATED"}
{"ts":1717418461237,"action":"FILE_CLOSED","file":"/src/app/main.java","tags":{"FILE_LINE_OF_CODE":"22"}}
{"ts":1717418461237,"action":"FILE_OPENED","file":"/src/core/service/Login.java","tags":{"FILE_LINE_OF_CODE":"64"}}
{"ts":1717418470220,"action":"FILE_CLOSED","file":"/src/core/service/Login.java","tags":{"FILE_LINE_OF_CODE":"64"}}
{"ts":1717418470220,"action":"FILE_OPENED","file":"/src/app/main.java","tags":{"FILE_LINE_OF_CODE":"22"}}
{"ts":1717418470682,"action":"FILE_CLOSED","file":"/src/app/main.java","tags":{"FILE_LINE_OF_CODE":"22"}}
{"ts":1717418470682,"action":"FILE_OPENED","file":"/src/core/service/Login.java","tags":{"FILE_LINE_OF_CODE":"64"}}
{"ts":1717418471106,"action":"IDE_DEACTIVATED"}
{"ts":1717418472223,"action":"IDE_ACTIVATED"}
{"ts":1717418472626,"action":"IDE_DEACTIVATED"}
{"ts":1717418477208,"action":"IDE_ACTIVATED"}
{"ts":1717418477527,"action":"IDE_DEACTIVATED"}
{"ts":1717418529191,"action":"IDE_ACTIVATED"}
{"ts":1717418541377,"action":"IDE_DEACTIVATED"}
{"ts":1717418541925,"action":"IDE_ACTIVATED"}
{"ts":1717418542229,"action":"IDE_DEACTIVATED"}
{"ts":1717418549474,"action":"IDE_ACTIVATED"}
{"ts":1717418568971,"action":"FILE_CLOSED","file":"/src/core/service/LoginService.java","tags":{"FILE_LINE_OF_CODE":"63"}}
{"ts":1717418568971,"action":"FILE_OPENED","file":"/src/core/service/RegisterService.java","tags":{"FILE_LINE_OF_CODE":"86"}}
{"ts":1717418574593,"action":"FILE_CLOSED","file":"/src/core/service/RegisterService.java","tags":{"FILE_LINE_OF_CODE":"86"}}
{"ts":1717418574593,"action":"FILE_OPENED","file":"/src/core/service/LoginService.java","tags":{"FILE_LINE_OF_CODE":"63"}}
{"ts":1717418575306,"action":"FILE_CLOSED","file":"/src/core/service/LoginService.java","tags":{"FILE_LINE_OF_CODE":"63"}}
{"ts":1717418575310,"action":"FILE_OPENED","file":"/src/app/main.java","tags":{"FILE_LINE_OF_CODE":"22"}}
{"ts":1717418587671,"action":"IDE_DEACTIVATED"}
{"ts":1717418592809,"action":"IDE_ACTIVATED"}
{"ts":1717418596129,"action":"IDE_DEACTIVATED"}
{"ts":1717418623323,"action":"IDE_ACTIVATED"}
{"ts":1717418625499,"action":"IDE_DEACTIVATED"}
{"ts":1717418712192,"action":"IDE_ACTIVATED"}
{"ts":1717418715596,"action":"IDE_DEACTIVATED"}
{"ts":1717418718244,"action":"IDE_ACTIVATED"}
{"ts":1717418734838,"action":"IDE_DEACTIVATED"}
{"ts":1717418740026,"action":"IDE_ACTIVATED"}
{"ts":1717418742764,"action":"IDE_DEACTIVATED"}
{"ts":1717418750088,"action":"IDE_ACTIVATED"}
{"ts":1717418755423,"action":"FILE_CLOSED","file":"/src/app/main.java","tags":{"FILE_LINE_OF_CODE":"22"}}
{"ts":1717418755424,"action":"FILE_OPENED","file":"/src/core/dao/Database.java","tags":{"FILE_LINE_OF_CODE":"108"}}
{"ts":1717418757445,"action":"IDE_DEACTIVATED"}
{"ts":1717418768109,"action":"IDE_ACTIVATED"}
{"ts":1717418783754,"action":"IDE_DEACTIVATED"}
{"ts":1717418798200,"action":"IDE_ACTIVATED"}
{"ts":1717418801870,"action":"IDE_DEACTIVATED"}
{"ts":1717418806491,"action":"IDE_ACTIVATED"}
{"ts":1717418808555,"action":"FILE_CLOSED","file":"/src/core/dao/DatabaseConnection.java","tags":{"FILE_LINE_OF_CODE":"108"}}
{"ts":1717418808555,"action":"FILE_OPENED","file":"/src/app/main.java","tags":{"FILE_LINE_OF_CODE":"22"}}
{"ts":1717418834167,"action":"IDE_DEACTIVATED"}
{"ts":1717418856045,"action":"IDE_ACTIVATED"}
{"ts":1717418870955,"action":"IDE_DEACTIVATED"}
{"ts":1717418873566,"action":"IDE_ACTIVATED"}
{"ts":1717418899125,"action":"IDE_DEACTIVATED"}
{"ts":1717418936955,"action":"IDE_ACTIVATED"}
{"ts":1717418937540,"action":"IDE_DEACTIVATED"}
{"ts":1717418979364,"action":"IDE_ACTIVATED"}
{"ts":1717418987539,"action":"FILE_CLOSED","file":"/src/app/main.java","tags":{"FILE_LINE_OF_CODE":"23"}}
{"ts":1717418987539,"action":"FILE_OPENED","file":"/src/core/service/LoginService.java","tags":{"FILE_LINE_OF_CODE":"63"}}
{"ts":1717418988307,"action":"FILE_CLOSED","file":"/src/core/service/LoginService.java","tags":{"FILE_LINE_OF_CODE":"63"}}
{"ts":1717418988307,"action":"FILE_OPENED","file":"/src/core/service/RegisterService.java","tags":{"FILE_LINE_OF_CODE":"86"}}
{"ts":1717418988977,"action":"FILE_CLOSED","file":"/src/core/service/RegisterService.java","tags":{"FILE_LINE_OF_CODE":"86"}}
{"ts":1717418988977,"action":"FILE_OPENED","file":"/src/core/service/LoginService.java","tags":{"FILE_LINE_OF_CODE":"63"}}
{"ts":1717418996253,"action":"FILE_CLOSED","file":"/src/core/service/LoginService.java","tags":{"FILE_LINE_OF_CODE":"63"}}
{"ts":1717418996253,"action":"FILE_OPENED","file":"/src/core/service/RegisterService.java","tags":{"FILE_LINE_OF_CODE":"86"}}
{"ts":1717418997786,"action":"FILE_CLOSED","file":"/src/core/service/RegisterService.java","tags":{"FILE_LINE_OF_CODE":"86"}}
{"ts":1717418997786,"action":"FILE_OPENED","file":"/src/app/main.java","tags":{"FILE_LINE_OF_CODE":"23"}}
{"ts":1717419030576,"action":"IDE_DEACTIVATED"}
{"ts":1717419073714,"action":"IDE_ACTIVATED"}
{"ts":1717419074170,"action":"IDE_DEACTIVATED"}
{"ts":1717419179396,"action":"IDE_ACTIVATED"}
{"ts":1717419206189,"action":"IDE_DEACTIVATED"}
{"ts":1717419212659,"action":"IDE_ACTIVATED"}
{"ts":1717419217647,"action":"FILE_CLOSED","file":"/src/app/main.java","tags":{"FILE_LINE_OF_CODE":"23"}}
{"ts":1717419217647,"action":"FILE_OPENED","file":"/src/core/ui/jpanel/MainFrame.java","tags":{"FILE_LINE_OF_CODE":"3"}}
{"ts":1717419217689,"action":"FILE_CLOSED","file":"/src/core/ui/jpanel/MainFrame.java","tags":{"FILE_LINE_OF_CODE":"3"}}
{"ts":1717419217689,"action":"FILE_OPENED","file":"/src/core/ui/jpanel/MainFrame.form","tags":{"FILE_LINE_OF_CODE":"null"}}
{"ts":1717419221302,"action":"IDE_DEACTIVATED"}
{"ts":1717419223006,"action":"IDE_ACTIVATED"}
{"ts":1717419232229,"action":"FILE_CLOSED","file":"/src/core/ui/jpanel/MainFrame.form","tags":{"FILE_LINE_OF_CODE":"null"}}
{"ts":1717419232229,"action":"FILE_OPENED","file":"/src/core/service/LoginService.java","tags":{"FILE_LINE_OF_CODE":"63"}}
{"ts":1717419232820,"action":"FILE_CLOSED","file":"/src/core/service/LoginService.java","tags":{"FILE_LINE_OF_CODE":"63"}}
{"ts":1717419232844,"action":"FILE_OPENED","file":"/src/core/ui/jpanel/MainFrame.form","tags":{"FILE_LINE_OF_CODE":"null"}}
{"ts":1717419233106,"action":"FILE_CLOSED","file":"/src/core/ui/jpanel/MainFrame.form","tags":{"FILE_LINE_OF_CODE":"null"}}
{"ts":1717419233106,"action":"FILE_OPENED","file":"/src/core/service/RegisterService.java","tags":{"FILE_LINE_OF_CODE":"86"}}
{"ts":1717419233755,"action":"FILE_CLOSED","file":"/src/core/service/RegisterService.java","tags":{"FILE_LINE_OF_CODE":"86"}}
{"ts":1717419233776,"action":"FILE_OPENED","file":"/src/core/ui/jpanel/MainFrame.form","tags":{"FILE_LINE_OF_CODE":"null"}}
{"ts":1717419234026,"action":"FILE_CLOSED","file":"/src/core/ui/jpanel/MainFrame.form","tags":{"FILE_LINE_OF_CODE":"null"}}
{"ts":1717419234026,"action":"FILE_OPENED","file":"/src/core/dao/DatabaseConnection.java","tags":{"FILE_LINE_OF_CODE":"108"}}
{"ts":1717419234780,"action":"FILE_CLOSED","file":"/src/core/dao/DatabaseConnection.java","tags":{"FILE_LINE_OF_CODE":"108"}}
{"ts":1717419234804,"action":"FILE_OPENED","file":"/src/core/ui/jpanel/MainFrame.form","tags":{"FILE_LINE_OF_CODE":"null"}}
{"ts":1717419238448,"action":"IDE_DEACTIVATED"}
{"ts":1717419351545,"action":"IDE_ACTIVATED"}
{"ts":1717419356198,"action":"FILE_CLOSED","file":"/src/core/ui/jpanel/MainFrame.form","tags":{"FILE_LINE_OF_CODE":"null"}}
{"ts":1717419356198,"action":"FILE_OPENED","file":"/src/core/dao/Alter.java","tags":{"FILE_LINE_OF_CODE":"119"}}
{"ts":1717419356937,"action":"IDE_DEACTIVATED"}
{"ts":1717419357657,"action":"IDE_ACTIVATED"}
{"ts":1717419357913,"action":"IDE_DEACTIVATED"}
{"ts":1717419359111,"action":"IDE_ACTIVATED"}
{"ts":1717419359350,"action":"IDE_DEACTIVATED"}
{"ts":1717419361030,"action":"IDE_ACTIVATED"}
{"ts":1717419361621,"action":"IDE_DEACTIVATED"}
{"ts":1717419363528,"action":"IDE_ACTIVATED"}
{"ts":1717419376237,"action":"FILE_CLOSED","file":"/src/core/dao/Alter.java","tags":{"FILE_LINE_OF_CODE":"119"}}
{"ts":1717419376237,"action":"FILE_OPENED","file":"/src/core/dao/UserDetails.java","tags":{"FILE_LINE_OF_CODE":"3"}}
{"ts":1717419379867,"action":"FILE_CLOSED","file":"/src/core/dao/UserDetails.java","tags":{"FILE_LINE_OF_CODE":"5"}}
{"ts":1717419379867,"action":"FILE_OPENED","file":"/src/core/dao/Alter.java","tags":{"FILE_LINE_OF_CODE":"119"}}
{"ts":1717419382271,"action":"FILE_CLOSED","file":"/src/core/dao/Alter.java","tags":{"FILE_LINE_OF_CODE":"119"}}
{"ts":1717419382294,"action":"FILE_OPENED","file":"/src/core/ui/jpanel/MainFrame.form","tags":{"FILE_LINE_OF_CODE":"null"}}
{"ts":1717419383168,"action":"FILE_CLOSED","file":"/src/core/ui/jpanel/MainFrame.form","tags":{"FILE_LINE_OF_CODE":"null"}}
{"ts":1717419383168,"action":"FILE_OPENED","file":"/src/core/dao/UserDetails.java","tags":{"FILE_LINE_OF_CODE":"5"}}
{"ts":1717419384585,"action":"FILE_CLOSED","file":"/src/core/dao/UserDetails.java","tags":{"FILE_LINE_OF_CODE":"5"}}
{"ts":1717419384607,"action":"FILE_OPENED","file":"/src/core/ui/jpanel/MainFrame.form","tags":{"FILE_LINE_OF_CODE":"null"}}
{"ts":1717419386071,"action":"FILE_CLOSED","file":"/src/core/ui/jpanel/MainFrame.form","tags":{"FILE_LINE_OF_CODE":"null"}}
{"ts":1717419386071,"action":"FILE_OPENED","file":"/src/core/dao/UserDetails.java","tags":{"FILE_LINE_OF_CODE":"5"}}
{"ts":1717419388294,"action":"IDE_DEACTIVATED"}
{"ts":1717419389592,"action":"IDE_ACTIVATED"}
{"ts":1717419389983,"action":"IDE_DEACTIVATED"}
{"ts":1717419391437,"action":"IDE_ACTIVATED"}
{"ts":1717419392139,"action":"IDE_DEACTIVATED"}
{"ts":1717419402889,"action":"IDE_ACTIVATED"}
{"ts":1717419403362,"action":"IDE_DEACTIVATED"}
{"ts":1717419412269,"action":"IDE_ACTIVATED"}
{"ts":1717419415033,"action":"IDE_DEACTIVATED"}
{"ts":1717419416854,"action":"IDE_ACTIVATED"}
{"ts":1717419418764,"action":"FILE_CLOSED","file":"/src/core/dao/UserDetails.java","tags":{"FILE_LINE_OF_CODE":"5"}}
{"ts":1717419418764,"action":"FILE_OPENED","file":"/src/core/service/Inquiry.java","tags":{"FILE_LINE_OF_CODE":"214"}}
{"ts":1717419420022,"action":"IDE_DEACTIVATED"}
{"ts":1717419428811,"action":"IDE_ACTIVATED"}
{"ts":1717419429246,"action":"IDE_DEACTIVATED"}
{"ts":1717419447844,"action":"IDE_ACTIVATED"}
{"ts":1717419449453,"action":"IDE_DEACTIVATED"}
{"ts":1717419452652,"action":"IDE_ACTIVATED"}
{"ts":1717419454779,"action":"IDE_DEACTIVATED"}
{"ts":1717419456367,"action":"IDE_ACTIVATED"}
{"ts":1717419456842,"action":"IDE_DEACTIVATED"}
{"ts":1717419484999,"action":"IDE_ACTIVATED"}
{"ts":1717419486920,"action":"IDE_DEACTIVATED"}
{"ts":1717419495353,"action":"IDE_ACTIVATED"}
{"ts":1717419516280,"action":"IDE_DEACTIVATED"}
{"ts":1717419518022,"action":"IDE_ACTIVATED"}
{"ts":1717419521107,"action":"IDE_DEACTIVATED"}
{"ts":1717419526577,"action":"IDE_ACTIVATED"}
{"ts":1717419528637,"action":"FILE_CLOSED","file":"/src/core/service/Inquiry.java","tags":{"FILE_LINE_OF_CODE":"214"}}
{"ts":1717419528637,"action":"FILE_OPENED","file":"/src/core/service/FlightInformationInput.java","tags":{"FILE_LINE_OF_CODE":"114"}}
{"ts":1717419583853,"action":"FILE_CLOSED","file":"/src/core/service/FlightInformationInput.java","tags":{"FILE_LINE_OF_CODE":"114"}}
{"ts":1717419583862,"action":"FILE_OPENED","file":"/src/core/service/Inquiry.java","tags":{"FILE_LINE_OF_CODE":"214"}}
{"ts":1717419588294,"action":"IDE_DEACTIVATED"}
{"ts":1717419589041,"action":"IDE_ACTIVATED"}
{"ts":1717419589283,"action":"IDE_DEACTIVATED"}
{"ts":1717419593356,"action":"IDE_ACTIVATED"}
{"ts":1717419593725,"action":"IDE_DEACTIVATED"}
{"ts":1717419594260,"action":"IDE_ACTIVATED"}
{"ts":1717419594524,"action":"IDE_DEACTIVATED"}
{"ts":1717419597633,"action":"IDE_ACTIVATED"}
{"ts":1717419597969,"action":"IDE_DEACTIVATED"}
{"ts":1717419601763,"action":"IDE_ACTIVATED"}
{"ts":1717419602117,"action":"IDE_DEACTIVATED"}
{"ts":1717419626038,"action":"IDE_ACTIVATED"}
{"ts":1717419708366,"action":"IDE_DEACTIVATED"}
{"ts":1717419736217,"action":"IDE_ACTIVATED"}
{"ts":1717419743374,"action":"FILE_CLOSED","file":"/src/core/service/FlightEnquiry.java","tags":{"FILE_LINE_OF_CODE":"214"}}
{"ts":1717419743374,"action":"FILE_OPENED","file":"/src/core/database/UserDetails.java","tags":{"FILE_LINE_OF_CODE":"5"}}
{"ts":1717419743815,"action":"FILE_CLOSED","file":"/src/core/database/UserDetails.java","tags":{"FILE_LINE_OF_CODE":"5"}}
{"ts":1717419743815,"action":"FILE_OPENED","file":"/src/core/service/FlightEnquiry.java","tags":{"FILE_LINE_OF_CODE":"214"}}
{"ts":1717419744498,"action":"FILE_CLOSED","file":"/src/core/service/FlightEnquiry.java","tags":{"FILE_LINE_OF_CODE":"214"}}
{"ts":1717419744498,"action":"FILE_OPENED","file":"/src/app/main.java","tags":{"FILE_LINE_OF_CODE":"23"}}
{"ts":1717419900907,"action":"FILE_CLOSED","file":"/src/app/main.java","tags":{"FILE_LINE_OF_CODE":"23"}}
{"ts":1717419900907,"action":"FILE_OPENED","file":"/src/core/ui/first/frame/MainFrame.java","tags":{"FILE_LINE_OF_CODE":"5"}}
{"ts":1717419901399,"action":"FILE_CLOSED","file":"/src/core/ui/first/frame/MainFrame.java","tags":{"FILE_LINE_OF_CODE":"5"}}
{"ts":1717419901399,"action":"FILE_OPENED","file":"/src/core/ui/first/frame/MainFrame.form","tags":{"FILE_LINE_OF_CODE":"null"}}
{"ts":1717419901732,"action":"FILE_CLOSED","file":"/src/core/ui/first/frame/MainFrame.form","tags":{"FILE_LINE_OF_CODE":"null"}}
{"ts":1717419901732,"action":"FILE_OPENED","file":"/src/core/database/UserDetails.java","tags":{"FILE_LINE_OF_CODE":"5"}}
{"ts":1717419902092,"action":"FILE_CLOSED","file":"/src/core/database/UserDetails.java","tags":{"FILE_LINE_OF_CODE":"5"}}
{"ts":1717419902092,"action":"FILE_OPENED","file":"/src/core/service/FlightEnquiry.java","tags":{"FILE_LINE_OF_CODE":"214"}}
{"ts":1717419902743,"action":"FILE_CLOSED","file":"/src/core/service/FlightEnquiry.java","tags":{"FILE_LINE_OF_CODE":"214"}}
{"ts":1717419902743,"action":"FILE_OPENED","file":"/src/app/main.java","tags":{"FILE_LINE_OF_CODE":"23"}}
{"ts":1717419905026,"action":"IDE_DEACTIVATED"}
{"ts":1717477566881,"action":"IDE_ACTIVATED"}
{"ts":1717477567662,"action":"IDE_DEACTIVATED"}
{"ts":1717477567748,"action":"PROJECT_CLOSED","tags":{"PROJECT_NAME":"plane-system"}}
